Performing C SOURCE FILE Test CMAKE_HAVE_LIBC_PTHREAD failed with the following output:
Change Dir: /home/jonbackman/srsRAN/build/CMakeFiles/CMakeTmp

Run Build Command(s):/usr/bin/make -f Makefile cmTC_ae2e5/fast && /usr/bin/make  -f CMakeFiles/cmTC_ae2e5.dir/build.make CMakeFiles/cmTC_ae2e5.dir/build
make[1]: Entering directory '/home/jonbackman/srsRAN/build/CMakeFiles/CMakeTmp'
Building C object CMakeFiles/cmTC_ae2e5.dir/src.c.o
/usr/bin/cc -DCMAKE_HAVE_LIBC_PTHREAD   -o CMakeFiles/cmTC_ae2e5.dir/src.c.o -c /home/jonbackman/srsRAN/build/CMakeFiles/CMakeTmp/src.c
Linking C executable cmTC_ae2e5
/usr/local/lib/python3.8/dist-packages/cmake/data/bin/cmake -E cmake_link_script CMakeFiles/cmTC_ae2e5.dir/link.txt --verbose=1
/usr/bin/cc CMakeFiles/cmTC_ae2e5.dir/src.c.o -o cmTC_ae2e5 
/usr/bin/ld: CMakeFiles/cmTC_ae2e5.dir/src.c.o: in function `main':
src.c:(.text+0x46): undefined reference to `pthread_create'
/usr/bin/ld: src.c:(.text+0x52): undefined reference to `pthread_detach'
/usr/bin/ld: src.c:(.text+0x5e): undefined reference to `pthread_cancel'
/usr/bin/ld: src.c:(.text+0x6f): undefined reference to `pthread_join'
collect2: error: ld returned 1 exit status
make[1]: *** [CMakeFiles/cmTC_ae2e5.dir/build.make:99: cmTC_ae2e5] Error 1
make[1]: Leaving directory '/home/jonbackman/srsRAN/build/CMakeFiles/CMakeTmp'
make: *** [Makefile:127: cmTC_ae2e5/fast] Error 2


Source file was:
#include <pthread.h>

static void* test_func(void* data)
{
  return data;
}

int main(void)
{
  pthread_t thread;
  pthread_create(&thread, NULL, test_func, NULL);
  pthread_detach(thread);
  pthread_cancel(thread);
  pthread_join(thread, NULL);
  pthread_atfork(NULL, NULL, NULL);
  pthread_exit(NULL);

  return 0;
}

Determining if the function pthread_create exists in the pthreads failed with the following output:
Change Dir: /home/jonbackman/srsRAN/build/CMakeFiles/CMakeTmp

Run Build Command(s):/usr/bin/make -f Makefile cmTC_7e449/fast && /usr/bin/make  -f CMakeFiles/cmTC_7e449.dir/build.make CMakeFiles/cmTC_7e449.dir/build
make[1]: Entering directory '/home/jonbackman/srsRAN/build/CMakeFiles/CMakeTmp'
Building C object CMakeFiles/cmTC_7e449.dir/CheckFunctionExists.c.o
/usr/bin/cc   -DCHECK_FUNCTION_EXISTS=pthread_create -o CMakeFiles/cmTC_7e449.dir/CheckFunctionExists.c.o -c /usr/local/lib/python3.8/dist-packages/cmake/data/share/cmake-3.22/Modules/CheckFunctionExists.c
Linking C executable cmTC_7e449
/usr/local/lib/python3.8/dist-packages/cmake/data/bin/cmake -E cmake_link_script CMakeFiles/cmTC_7e449.dir/link.txt --verbose=1
/usr/bin/cc  -DCHECK_FUNCTION_EXISTS=pthread_create CMakeFiles/cmTC_7e449.dir/CheckFunctionExists.c.o -o cmTC_7e449  -lpthreads 
/usr/bin/ld: cannot find -lpthreads
collect2: error: ld returned 1 exit status
make[1]: *** [CMakeFiles/cmTC_7e449.dir/build.make:99: cmTC_7e449] Error 1
make[1]: Leaving directory '/home/jonbackman/srsRAN/build/CMakeFiles/CMakeTmp'
make: *** [Makefile:127: cmTC_7e449/fast] Error 2



Performing C++ SOURCE FILE Test UHD_ENABLE_X300_FW_RESET failed with the following output:
Change Dir: /home/jonbackman/srsRAN/build/CMakeFiles/CMakeTmp

Run Build Command(s):/usr/bin/make -f Makefile cmTC_571a1/fast && /usr/bin/make  -f CMakeFiles/cmTC_571a1.dir/build.make CMakeFiles/cmTC_571a1.dir/build
make[1]: Entering directory '/home/jonbackman/srsRAN/build/CMakeFiles/CMakeTmp'
Building CXX object CMakeFiles/cmTC_571a1.dir/src.cxx.o
/usr/bin/c++ -DUHD_ENABLE_X300_FW_RESET  -L/usr/lib/x86_64-linux-gnu -o CMakeFiles/cmTC_571a1.dir/src.cxx.o -c /home/jonbackman/srsRAN/build/CMakeFiles/CMakeTmp/src.cxx
Linking CXX executable cmTC_571a1
/usr/local/lib/python3.8/dist-packages/cmake/data/bin/cmake -E cmake_link_script CMakeFiles/cmTC_571a1.dir/link.txt --verbose=1
/usr/bin/c++   -L/usr/lib/x86_64-linux-gnu CMakeFiles/cmTC_571a1.dir/src.cxx.o -o cmTC_571a1  -luhd -lboost_program_options -lboost_system 
/usr/bin/ld: CMakeFiles/cmTC_571a1.dir/src.cxx.o: in function `try_usrp_x300_reset()':
src.cxx:(.text+0xf8): undefined reference to `x300_make_ctrl_iface_enet(boost::shared_ptr<uhd::transport::udp_simple>, bool)'
collect2: error: ld returned 1 exit status
make[1]: *** [CMakeFiles/cmTC_571a1.dir/build.make:99: cmTC_571a1] Error 1
make[1]: Leaving directory '/home/jonbackman/srsRAN/build/CMakeFiles/CMakeTmp'
make: *** [Makefile:127: cmTC_571a1/fast] Error 2


Source file was:
#include <uhd.h>
    #include <uhd/usrp/multi_usrp.hpp>
    #include <uhd/transport/udp_simple.hpp>

    uhd::wb_iface::sptr x300_make_ctrl_iface_enet(uhd::transport::udp_simple::sptr udp, bool enable_errors);

    uhd_error try_usrp_x300_reset()
    {
      uhd::transport::udp_simple::sptr udp_simple = uhd::transport::udp_simple::make_connected("", "49152");
      uhd::wb_iface::sptr x300_ctrl = x300_make_ctrl_iface_enet(udp_simple, true);
      x300_ctrl->poke32(0x100058, 1);
      return UHD_ERROR_NONE;
    }

    int main(int argc, char** argv)
    {
      try_usrp_x300_reset();
      return 0;
    }
Performing C++ SOURCE FILE Test UHD_ENABLE_CUSTOM_RFNOC failed with the following output:
Change Dir: /home/jonbackman/srsRAN/build/CMakeFiles/CMakeTmp

Run Build Command(s):/usr/bin/make -f Makefile cmTC_e24e4/fast && /usr/bin/make  -f CMakeFiles/cmTC_e24e4.dir/build.make CMakeFiles/cmTC_e24e4.dir/build
make[1]: Entering directory '/home/jonbackman/srsRAN/build/CMakeFiles/CMakeTmp'
Building CXX object CMakeFiles/cmTC_e24e4.dir/src.cxx.o
/usr/bin/c++ -DUHD_ENABLE_CUSTOM_RFNOC  -L/usr/lib/x86_64-linux-gnu -o CMakeFiles/cmTC_e24e4.dir/src.cxx.o -c /home/jonbackman/srsRAN/build/CMakeFiles/CMakeTmp/src.cxx
/home/jonbackman/srsRAN/build/CMakeFiles/CMakeTmp/src.cxx:3:14: fatal error: uhd/rfnoc/ddc_ch2_block_ctrl.hpp: No such file or directory
    3 |     #include <uhd/rfnoc/ddc_ch2_block_ctrl.hpp>
      |              ^~~~~~~~~~~~~~~~~~~~~~~~~~~~~~~~~~
compilation terminated.
make[1]: *** [CMakeFiles/cmTC_e24e4.dir/build.make:78: CMakeFiles/cmTC_e24e4.dir/src.cxx.o] Error 1
make[1]: Leaving directory '/home/jonbackman/srsRAN/build/CMakeFiles/CMakeTmp'
make: *** [Makefile:127: cmTC_e24e4/fast] Error 2


Source file was:
#include <uhd.h>
    #include <uhd/device3.hpp>
    #include <uhd/rfnoc/ddc_ch2_block_ctrl.hpp>

    static uhd::device3::sptr device3;
    static uhd::rfnoc::ddc_ch2_block_ctrl::sptr ddc_ctrl;

    uhd_error try_device3_ddc_ch2_ctrl()
    {
      ddc_ctrl = device3->get_block_ctrl<uhd::rfnoc::ddc_ch2_block_ctrl>(uhd::rfnoc::block_id_t("DDCch2_0"));
      return UHD_ERROR_NONE;
    }

    int main(int argc, char** argv)
    {
      try_device3_ddc_ch2_ctrl();
      return 0;
    }
Performing C SOURCE FILE Test HAVE_AVX512 failed with the following output:
Change Dir: /home/jonbackman/srsRAN/build/CMakeFiles/CMakeTmp

Run Build Command(s):/usr/bin/make -f Makefile cmTC_2c3ab/fast && /usr/bin/make  -f CMakeFiles/cmTC_2c3ab.dir/build.make CMakeFiles/cmTC_2c3ab.dir/build
make[1]: Entering directory '/home/jonbackman/srsRAN/build/CMakeFiles/CMakeTmp'
Building C object CMakeFiles/cmTC_2c3ab.dir/src.c.o
/usr/bin/cc   -DHAVE_AVX512 -mavx512f -mavx512cd -mavx512bw -mavx512dq -DLV_HAVE_AVX512 -o CMakeFiles/cmTC_2c3ab.dir/src.c.o -c /home/jonbackman/srsRAN/build/CMakeFiles/CMakeTmp/src.c
Linking C executable cmTC_2c3ab
/usr/local/lib/python3.8/dist-packages/cmake/data/bin/cmake -E cmake_link_script CMakeFiles/cmTC_2c3ab.dir/link.txt --verbose=1
/usr/bin/cc  -DHAVE_AVX512 -mavx512f -mavx512cd -mavx512bw -mavx512dq -DLV_HAVE_AVX512 CMakeFiles/cmTC_2c3ab.dir/src.c.o -o cmTC_2c3ab 
make[1]: Leaving directory '/home/jonbackman/srsRAN/build/CMakeFiles/CMakeTmp'


Return value: FAILED_TO_RUN
Source file was:

          #include <immintrin.h>
          int main()
          {
            __m512i a, b, c;
            const int src[16] = { 0x0, 0x1, 0x2, 0x3, 0x4, 0x5, 0x6, 0x7, 0x8 , 0x9, 0xA, 0xB, 0xC, 0xD, 0xE, 0xF};
            int dst[16];
            a =  _mm512_loadu_si512( (__m512i*)src );
            b =  _mm512_loadu_si512( (__m512i*)src );
            c = _mm512_add_epi32( a, b );
            _mm512_storeu_si512( (__m512i*)dst, c );
            int i = 0;
            for( i = 0; i < 16; i++ ){
              if( ( src[i] + src[i] ) != dst[i] ){
                return -1;
              }
            }
            return 0;
          }
